Початок роботи програми
Захоплення зображення з екрану
Обрано клавішу: s
Початок роботи програми
Захоплення зображення з екрану
Обрано клавішу: w
Початок роботи програми
Захоплення зображення з екрану
Обрано клавішу: a
Початок роботи програми
Захоплення зображення з екрану
Обрано клавішу: g
Створено вікно для відображення зображення
Початок роботи програми
Захоплення зображення з екрану
Створено вікно для відображення зображення
Початок роботи програми
Захоплення зображення з екрану
Обрано клавішу: s
Початок роботи програми
Захоплення зображення з екрану
Обрано клавішу: d
Початок роботи програми
Захоплення зображення з екрану
Обрано клавішу: a
